[0425/180223.058:ERROR:audio_rtp_receiver.cc(89)] AudioRtpReceiver::OnSetVolume: No audio channel exists.
[0425/180223.059:WARNING:used_ids.h(55)] Duplicate id found. Reassigning from 104 to 127
[0425/180223.059:WARNING:used_ids.h(55)] Duplicate id found. Reassigning from 102 to 125
[0425/180223.059:WARNING:used_ids.h(55)] Duplicate id found. Reassigning from 104 to 124
[0425/180223.059:WARNING:used_ids.h(55)] Duplicate id found. Reassigning from 106 to 123
[0425/180223.059:WARNING:used_ids.h(55)] Duplicate id found. Reassigning from 103 to 122
[0425/180223.059:WARNING:used_ids.h(55)] Duplicate id found. Reassigning from 105 to 121
[0425/180223.059:WARNING:used_ids.h(55)] Duplicate id found. Reassigning from 109 to 120
[0425/180223.059:WARNING:used_ids.h(55)] Duplicate id found. Reassigning from 1 to 14
[0425/180223.059:WARNING:used_ids.h(55)] Duplicate id found. Reassigning from 3 to 13
[0425/180223.059:WARNING:used_ids.h(55)] Duplicate id found. Reassigning from 5 to 12
[0425/180223.059:WARNING:used_ids.h(55)] Duplicate id found. Reassigning from 6 to 11
[0425/180240.367:ERROR:audio_rtp_receiver.cc(89)] AudioRtpReceiver::OnSetVolume: No audio channel exists.
[0425/180240.368:WARNING:used_ids.h(55)] Duplicate id found. Reassigning from 104 to 127
[0425/180240.368:WARNING:used_ids.h(55)] Duplicate id found. Reassigning from 102 to 125
[0425/180240.368:WARNING:used_ids.h(55)] Duplicate id found. Reassigning from 104 to 124
[0425/180240.368:WARNING:used_ids.h(55)] Duplicate id found. Reassigning from 106 to 123
[0425/180240.368:WARNING:used_ids.h(55)] Duplicate id found. Reassigning from 103 to 122
[0425/180240.368:WARNING:used_ids.h(55)] Duplicate id found. Reassigning from 105 to 121
[0425/180240.368:WARNING:used_ids.h(55)] Duplicate id found. Reassigning from 109 to 120
[0425/180240.368:WARNING:used_ids.h(55)] Duplicate id found. Reassigning from 1 to 14
[0425/180240.368:WARNING:used_ids.h(55)] Duplicate id found. Reassigning from 3 to 13
[0425/180240.368:WARNING:used_ids.h(55)] Duplicate id found. Reassigning from 5 to 12
[0425/180240.368:WARNING:used_ids.h(55)] Duplicate id found. Reassigning from 6 to 11
[0425/180247.842:ERROR:audio_rtp_receiver.cc(89)] AudioRtpReceiver::OnSetVolume: No audio channel exists.
[0425/180247.842:WARNING:used_ids.h(55)] Duplicate id found. Reassigning from 104 to 127
[0425/180247.842:WARNING:used_ids.h(55)] Duplicate id found. Reassigning from 102 to 125
[0425/180247.842:WARNING:used_ids.h(55)] Duplicate id found. Reassigning from 104 to 124
[0425/180247.842:WARNING:used_ids.h(55)] Duplicate id found. Reassigning from 106 to 123
[0425/180247.842:WARNING:used_ids.h(55)] Duplicate id found. Reassigning from 103 to 122
[0425/180247.842:WARNING:used_ids.h(55)] Duplicate id found. Reassigning from 105 to 121
[0425/180247.842:WARNING:used_ids.h(55)] Duplicate id found. Reassigning from 109 to 120
[0425/180247.842:WARNING:used_ids.h(55)] Duplicate id found. Reassigning from 1 to 14
[0425/180247.842:WARNING:used_ids.h(55)] Duplicate id found. Reassigning from 3 to 13
[0425/180247.842:WARNING:used_ids.h(55)] Duplicate id found. Reassigning from 5 to 12
[0425/180247.843:WARNING:used_ids.h(55)] Duplicate id found. Reassigning from 6 to 11
[0425/180252.092:ERROR:batching_media_log.cc(38)] MediaEvent: {"error":"FFmpegDemuxer: no supported streams"}
[0425/180252.092:ERROR:batching_media_log.cc(35)] MediaEvent: {"pipeline_error":14}
[0425/180252.144:ERROR:batching_media_log.cc(38)] MediaEvent: {"error":"FFmpegDemuxer: no supported streams"}
[0425/180252.144:ERROR:batching_media_log.cc(35)] MediaEvent: {"pipeline_error":14}
[0427/144918.461:WARNING:dns_config_service_win.cc(700)] Failed to read DnsConfig.
[0427/144918.643:WARNING:dns_config_service_win.cc(700)] Failed to read DnsConfig.
[0427/144923.469:WARNING:dns_config_service_win.cc(700)] Failed to read DnsConfig.
[0427/144923.648:WARNING:dns_config_service_win.cc(700)] Failed to read DnsConfig.
[0427/144928.473:WARNING:dns_config_service_win.cc(700)] Failed to read DnsConfig.
[0427/144928.656:WARNING:dns_config_service_win.cc(700)] Failed to read DnsConfig.
